<?xml version="1.0" encoding="UTF-8"?>
<!-- Generated by org.testng.reporters.JUnitReportReporter -->
<testsuite skipped="0" hostname="DESKTOP-K9NUTAD" name="POM_DDF_TestNG_BaseClass_UtilityClass.PBLoginTest1" tests="1" failures="0" timestamp="2023-06-20T17:54:15 IST" time="23.850" errors="0">
  <testcase name="verifyFullName" time="23.850" classname="POM_DDF_TestNG_BaseClass_UtilityClass.PBLoginTest1"/>
  <system-out/>
</testsuite> <!-- POM_DDF_TestNG_BaseClass_UtilityClass.PBLoginTest1 -->
